# JRE version: OpenJDK Runtime Environment Microsoft-8035250 (11.0.20+8) (build 11.0.20+8-LTS)
# Java VM: OpenJDK 64-Bit Server VM Microsoft-8035250 (11.0.20+8-LTS, mixed mode, tiered, compressed oops, g1 gc, windows-amd64)
Heap:
 garbage-first heap   total 122880K, used 41928K [0x0000000080000000, 0x0000000100000000)
  region size 1024K, 15 young (15360K), 6 survivors (6144K)
 Metaspace       used 47795K, capacity 49069K, committed 49328K, reserved 559104K
  class space    used 6070K, capacity 6580K, committed 6656K, reserved 516096K
GC Heap History (18 events):
Event: 1.896 GC heap before
{Heap before GC invocations=0 (full 0):
 garbage-first heap   total 122880K, used 29696K [0x0000000080000000, 0x0000000100000000)
  region size 1024K, 24 young (24576K), 0 survivors (0K)
 Metaspace       used 9855K, capacity 10028K, committed 10112K, reserved 526336K
  class space    used 994K, capacity 1069K, committed 1152K, reserved 516096K
}
Event: 1.910 GC heap after
{Heap after GC invocations=1 (full 0):
 garbage-first heap   total 122880K, used 9361K [0x0000000080000000, 0x0000000100000000)
  region size 1024K, 3 young (3072K), 3 survivors (3072K)
 Metaspace       used 9855K, capacity 10028K, committed 10112K, reserved 526336K
  class space    used 994K, capacity 1069K, committed 1152K, reserved 516096K
}
Event: 5.562 GC heap before
{Heap before GC invocations=1 (full 0):
 garbage-first heap   total 122880K, used 80017K [0x0000000080000000, 0x0000000100000000)
  region size 1024K, 72 young (73728K), 3 survivors (3072K)
 Metaspace       used 18209K, capacity 18584K, committed 18688K, reserved 532480K
  class space    used 2080K, capacity 2240K, committed 2304K, reserved 516096K
}
Event: 5.575 GC heap after
{Heap after GC invocations=2 (full 0):
 garbage-first heap   total 122880K, used 16855K [0x0000000080000000, 0x0000000100000000)
  region size 1024K, 9 young (9216K), 9 survivors (9216K)
 Metaspace       used 18209K, capacity 18584K, committed 18688K, reserved 532480K
  class space    used 2080K, capacity 2240K, committed 2304K, reserved 516096K
}
Event: 6.083 GC heap before
{Heap before GC invocations=2 (full 0):
 garbage-first heap   total 122880K, used 37335K [0x0000000080000000, 0x0000000100000000)
  region size 1024K, 30 young (30720K), 9 survivors (9216K)
 Metaspace       used 20731K, capacity 21113K, committed 21296K, reserved 536576K
  class space    used 2451K, capacity 2616K, committed 2688K, reserved 516096K
}
Event: 6.094 GC heap after
{Heap after GC invocations=3 (full 0):
 garbage-first heap   total 122880K, used 18033K [0x0000000080000000, 0x0000000100000000)
  region size 1024K, 1 young (1024K), 1 survivors (1024K)
 Metaspace       used 20731K, capacity 21113K, committed 21296K, reserved 536576K
  class space    used 2451K, capacity 2616K, committed 2688K, reserved 516096K
}
Event: 7.747 GC heap before
{Heap before GC invocations=4 (full 0):
 garbage-first heap   total 122880K, used 63089K [0x0000000080000000, 0x0000000100000000)
  region size 1024K, 45 young (46080K), 1 survivors (1024K)
 Metaspace       used 25206K, capacity 25776K, committed 25904K, reserved 538624K
  class space    used 3178K, capacity 3385K, committed 3456K, reserved 516096K
}
Event: 7.750 GC heap after
{Heap after GC invocations=5 (full 0):
 garbage-first heap   total 122880K, used 19432K [0x0000000080000000, 0x0000000100000000)
  region size 1024K, 3 young (3072K), 3 survivors (3072K)
 Metaspace       used 25206K, capacity 25776K, committed 25904K, reserved 538624K
  class space    used 3178K, capacity 3385K, committed 3456K, reserved 516096K
}
Event: 9.213 GC heap before
{Heap before GC invocations=5 (full 0):
 garbage-first heap   total 122880K, used 69608K [0x0000000080000000, 0x0000000100000000)
  region size 1024K, 52 young (53248K), 3 survivors (3072K)
 Metaspace       used 30230K, capacity 30978K, committed 31024K, reserved 544768K
  class space    used 3933K, capacity 4209K, committed 4224K, reserved 516096K
}
Event: 9.218 GC heap after
{Heap after GC invocations=6 (full 0):
 garbage-first heap   total 122880K, used 21106K [0x0000000080000000, 0x0000000100000000)
  region size 1024K, 4 young (4096K), 4 survivors (4096K)
 Metaspace       used 30230K, capacity 30978K, committed 31024K, reserved 544768K
  class space    used 3933K, capacity 4209K, committed 4224K, reserved 516096K
}
Event: 10.391 GC heap before
{Heap before GC invocations=6 (full 0):
 garbage-first heap   total 122880K, used 54898K [0x0000000080000000, 0x0000000100000000)
  region size 1024K, 38 young (38912K), 4 survivors (4096K)
 Metaspace       used 35014K, capacity 35805K, committed 35888K, reserved 548864K
  class space    used 4579K, capacity 4923K, committed 4992K, reserved 516096K
}
Event: 10.405 GC heap after
{Heap after GC invocations=7 (full 0):
 garbage-first heap   total 122880K, used 23324K [0x0000000080000000, 0x0000000100000000)
  region size 1024K, 7 young (7168K), 7 survivors (7168K)
 Metaspace       used 35014K, capacity 35805K, committed 35888K, reserved 548864K
  class space    used 4579K, capacity 4923K, committed 4992K, reserved 516096K
}
Event: 11.913 GC heap before
{Heap before GC invocations=8 (full 0):
 garbage-first heap   total 122880K, used 76572K [0x0000000080000000, 0x0000000100000000)
  region size 1024K, 57 young (58368K), 7 survivors (7168K)
 Metaspace       used 41307K, capacity 42282K, committed 42416K, reserved 552960K
  class space    used 5185K, capacity 5563K, committed 5632K, reserved 516096K
}
Event: 11.924 GC heap after
{Heap after GC invocations=9 (full 0):
 garbage-first heap   total 122880K, used 28122K [0x0000000080000000, 0x0000000100000000)
  region size 1024K, 8 young (8192K), 8 survivors (8192K)
 Metaspace       used 41307K, capacity 42282K, committed 42416K, reserved 552960K
  class space    used 5185K, capacity 5563K, committed 5632K, reserved 516096K
}
Event: 33.704 GC heap before
{Heap before GC invocations=9 (full 0):
 garbage-first heap   total 122880K, used 79322K [0x0000000080000000, 0x0000000100000000)
  region size 1024K, 58 young (59392K), 8 survivors (8192K)
 Metaspace       used 43303K, capacity 44539K, committed 44848K, reserved 555008K
  class space    used 5471K, capacity 5911K, committed 6016K, reserved 516096K
}
Event: 33.731 GC heap after
{Heap after GC invocations=10 (full 0):
 garbage-first heap   total 122880K, used 32098K [0x0000000080000000, 0x0000000100000000)
  region size 1024K, 5 young (5120K), 5 survivors (5120K)
 Metaspace       used 43303K, capacity 44539K, committed 44848K, reserved 555008K
  class space    used 5471K, capacity 5911K, committed 6016K, reserved 516096K
}
Event: 36.302 GC heap before
{Heap before GC invocations=10 (full 0):
 garbage-first heap   total 122880K, used 83298K [0x0000000080000000, 0x0000000100000000)
  region size 1024K, 54 young (55296K), 5 survivors (5120K)
 Metaspace       used 47220K, capacity 48586K, committed 48688K, reserved 559104K
  class space    used 5983K, capacity 6508K, committed 6528K, reserved 516096K
}
Event: 36.311 GC heap after
{Heap after GC invocations=11 (full 0):
 garbage-first heap   total 122880K, used 33736K [0x0000000080000000, 0x0000000100000000)
  region size 1024K, 6 young (6144K), 6 survivors (6144K)
 Metaspace       used 47220K, capacity 48586K, committed 48688K, reserved 559104K
  class space    used 5983K, capacity 6508K, committed 6528K, reserved 516096K
}

