# JRE version: OpenJDK Runtime Environment Microsoft-8035250 (11.0.20+8) (build 11.0.20+8-LTS)
# Java VM: OpenJDK 64-Bit Server VM Microsoft-8035250 (11.0.20+8-LTS, mixed mode, tiered, compressed oops, g1 gc, windows-amd64)
Heap:
 garbage-first heap   total 473088K, used 286729K [0x0000000080000000, 0x0000000100000000)
  region size 1024K, 3 young (3072K), 3 survivors (3072K)
 Metaspace       used 128526K, capacity 135255K, committed 135380K, reserved 632832K
  class space    used 16873K, capacity 19167K, committed 19200K, reserved 516096K
GC Heap History (20 events):
Event: 48.321 GC heap after
{Heap after GC invocations=96 (full 0):
 garbage-first heap   total 287744K, used 253011K [0x0000000080000000, 0x0000000100000000)
  region size 1024K, 1 young (1024K), 1 survivors (1024K)
 Metaspace       used 125892K, capacity 132256K, committed 132564K, reserved 630784K
  class space    used 16584K, capacity 18858K, committed 18944K, reserved 516096K
}
Event: 48.492 GC heap before
{Heap before GC invocations=96 (full 0):
 garbage-first heap   total 287744K, used 266323K [0x0000000080000000, 0x0000000100000000)
  region size 1024K, 14 young (14336K), 1 survivors (1024K)
 Metaspace       used 126337K, capacity 132761K, committed 132948K, reserved 630784K
  class space    used 16644K, capacity 18965K, committed 19072K, reserved 516096K
}
Event: 48.496 GC heap after
{Heap after GC invocations=97 (full 0):
 garbage-first heap   total 287744K, used 253935K [0x0000000080000000, 0x0000000100000000)
  region size 1024K, 2 young (2048K), 2 survivors (2048K)
 Metaspace       used 126337K, capacity 132761K, committed 132948K, reserved 630784K
  class space    used 16644K, capacity 18965K, committed 19072K, reserved 516096K
}
Event: 48.632 GC heap before
{Heap before GC invocations=98 (full 0):
 garbage-first heap   total 287744K, used 266223K [0x0000000080000000, 0x0000000100000000)
  region size 1024K, 14 young (14336K), 2 survivors (2048K)
 Metaspace       used 126848K, capacity 133402K, committed 133460K, reserved 630784K
  class space    used 16709K, capacity 19029K, committed 19072K, reserved 516096K
}
Event: 48.636 GC heap after
{Heap after GC invocations=99 (full 0):
 garbage-first heap   total 287744K, used 255349K [0x0000000080000000, 0x0000000100000000)
  region size 1024K, 2 young (2048K), 2 survivors (2048K)
 Metaspace       used 126848K, capacity 133402K, committed 133460K, reserved 630784K
  class space    used 16709K, capacity 19029K, committed 19072K, reserved 516096K
}
Event: 48.763 GC heap before
{Heap before GC invocations=99 (full 0):
 garbage-first heap   total 287744K, used 267637K [0x0000000080000000, 0x0000000100000000)
  region size 1024K, 14 young (14336K), 2 survivors (2048K)
 Metaspace       used 126972K, capacity 133681K, committed 133844K, reserved 632832K
  class space    used 16730K, capacity 19078K, committed 19200K, reserved 516096K
}
Event: 48.769 GC heap after
{Heap after GC invocations=100 (full 0):
 garbage-first heap   total 287744K, used 257467K [0x0000000080000000, 0x0000000100000000)
  region size 1024K, 2 young (2048K), 2 survivors (2048K)
 Metaspace       used 126972K, capacity 133681K, committed 133844K, reserved 632832K
  class space    used 16730K, capacity 19078K, committed 19200K, reserved 516096K
}
Event: 48.999 GC heap before
{Heap before GC invocations=100 (full 0):
 garbage-first heap   total 287744K, used 269755K [0x0000000080000000, 0x0000000100000000)
  region size 1024K, 14 young (14336K), 2 survivors (2048K)
 Metaspace       used 127344K, capacity 133906K, committed 134100K, reserved 632832K
  class space    used 16774K, capacity 19087K, committed 19200K, reserved 516096K
}
Event: 49.005 GC heap after
{Heap after GC invocations=101 (full 0):
 garbage-first heap   total 287744K, used 260096K [0x0000000080000000, 0x0000000100000000)
  region size 1024K, 2 young (2048K), 2 survivors (2048K)
 Metaspace       used 127344K, capacity 133906K, committed 134100K, reserved 632832K
  class space    used 16774K, capacity 19087K, committed 19200K, reserved 516096K
}
Event: 49.195 GC heap before
{Heap before GC invocations=102 (full 0):
 garbage-first heap   total 287744K, used 272384K [0x0000000080000000, 0x0000000100000000)
  region size 1024K, 14 young (14336K), 2 survivors (2048K)
 Metaspace       used 127694K, capacity 134355K, committed 134612K, reserved 632832K
  class space    used 16807K, capacity 19134K, committed 19200K, reserved 516096K
}
Event: 49.203 GC heap after
{Heap after GC invocations=103 (full 0):
 garbage-first heap   total 287744K, used 263512K [0x0000000080000000, 0x0000000100000000)
  region size 1024K, 2 young (2048K), 2 survivors (2048K)
 Metaspace       used 127694K, capacity 134355K, committed 134612K, reserved 632832K
  class space    used 16807K, capacity 19134K, committed 19200K, reserved 516096K
}
Event: 49.332 GC heap before
{Heap before GC invocations=103 (full 0):
 garbage-first heap   total 287744K, used 275800K [0x0000000080000000, 0x0000000100000000)
  region size 1024K, 14 young (14336K), 2 survivors (2048K)
 Metaspace       used 127874K, capacity 134548K, committed 134612K, reserved 632832K
  class space    used 16817K, capacity 19153K, committed 19200K, reserved 516096K
}
Event: 49.340 GC heap after
{Heap after GC invocations=104 (full 0):
 garbage-first heap   total 346112K, used 267799K [0x0000000080000000, 0x0000000100000000)
  region size 1024K, 2 young (2048K), 2 survivors (2048K)
 Metaspace       used 127874K, capacity 134548K, committed 134612K, reserved 632832K
  class space    used 16817K, capacity 19153K, committed 19200K, reserved 516096K
}
Event: 49.623 GC heap before
{Heap before GC invocations=105 (full 0):
 garbage-first heap   total 346112K, used 286231K [0x0000000080000000, 0x0000000100000000)
  region size 1024K, 20 young (20480K), 2 survivors (2048K)
 Metaspace       used 127939K, capacity 134618K, committed 134868K, reserved 632832K
  class space    used 16820K, capacity 19154K, committed 19200K, reserved 516096K
}
Event: 49.639 GC heap after
{Heap after GC invocations=106 (full 0):
 garbage-first heap   total 346112K, used 274144K [0x0000000080000000, 0x0000000100000000)
  region size 1024K, 3 young (3072K), 3 survivors (3072K)
 Metaspace       used 127939K, capacity 134618K, committed 134868K, reserved 632832K
  class space    used 16820K, capacity 19154K, committed 19200K, reserved 516096K
}
Event: 49.858 GC heap before
{Heap before GC invocations=106 (full 0):
 garbage-first heap   total 346112K, used 291552K [0x0000000080000000, 0x0000000100000000)
  region size 1024K, 20 young (20480K), 3 survivors (3072K)
 Metaspace       used 128082K, capacity 134705K, committed 134868K, reserved 632832K
  class space    used 16832K, capacity 19159K, committed 19200K, reserved 516096K
}
Event: 49.869 GC heap after
{Heap after GC invocations=107 (full 0):
 garbage-first heap   total 346112K, used 279915K [0x0000000080000000, 0x0000000100000000)
  region size 1024K, 3 young (3072K), 3 survivors (3072K)
 Metaspace       used 128082K, capacity 134705K, committed 134868K, reserved 632832K
  class space    used 16832K, capacity 19159K, committed 19200K, reserved 516096K
}
Event: 50.304 GC heap before
{Heap before GC invocations=108 (full 0):
 garbage-first heap   total 346112K, used 295275K [0x0000000080000000, 0x0000000100000000)
  region size 1024K, 18 young (18432K), 3 survivors (3072K)
 Metaspace       used 128336K, capacity 135035K, committed 135124K, reserved 632832K
  class space    used 16855K, capacity 19161K, committed 19200K, reserved 516096K
}
Event: 50.312 GC heap after
{Heap after GC invocations=109 (full 0):
 garbage-first heap   total 346112K, used 283806K [0x0000000080000000, 0x0000000100000000)
  region size 1024K, 3 young (3072K), 3 survivors (3072K)
 Metaspace       used 128336K, capacity 135035K, committed 135124K, reserved 632832K
  class space    used 16855K, capacity 19161K, committed 19200K, reserved 516096K
}
Event: 50.472 GC heap before
{Heap before GC invocations=109 (full 0):
 garbage-first heap   total 346112K, used 298142K [0x0000000080000000, 0x0000000100000000)
  region size 1024K, 17 young (17408K), 3 survivors (3072K)
 Metaspace       used 128526K, capacity 135255K, committed 135380K, reserved 632832K
  class space    used 16873K, capacity 19167K, committed 19200K, reserved 516096K
}

