# JRE version: OpenJDK Runtime Environment Microsoft-8035250 (11.0.20+8) (build 11.0.20+8-LTS)
# Java VM: OpenJDK 64-Bit Server VM Microsoft-8035250 (11.0.20+8-LTS, mixed mode, tiered, compressed oops, g1 gc, windows-amd64)
Heap:
 garbage-first heap   total 122880K, used 81435K [0x0000000080000000, 0x0000000100000000)
  region size 1024K, 55 young (56320K), 4 survivors (4096K)
 Metaspace       used 46598K, capacity 47893K, committed 48128K, reserved 559104K
  class space    used 5901K, capacity 6394K, committed 6400K, reserved 516096K
GC Heap History (18 events):
Event: 1.917 GC heap before
{Heap before GC invocations=0 (full 0):
 garbage-first heap   total 122880K, used 29696K [0x0000000080000000, 0x0000000100000000)
  region size 1024K, 24 young (24576K), 0 survivors (0K)
 Metaspace       used 9841K, capacity 10028K, committed 10112K, reserved 526336K
  class space    used 994K, capacity 1069K, committed 1152K, reserved 516096K
}
Event: 1.932 GC heap after
{Heap after GC invocations=1 (full 0):
 garbage-first heap   total 122880K, used 9208K [0x0000000080000000, 0x0000000100000000)
  region size 1024K, 3 young (3072K), 3 survivors (3072K)
 Metaspace       used 9841K, capacity 10028K, committed 10112K, reserved 526336K
  class space    used 994K, capacity 1069K, committed 1152K, reserved 516096K
}
Event: 5.436 GC heap before
{Heap before GC invocations=1 (full 0):
 garbage-first heap   total 122880K, used 80888K [0x0000000080000000, 0x0000000100000000)
  region size 1024K, 72 young (73728K), 3 survivors (3072K)
 Metaspace       used 18197K, capacity 18552K, committed 18688K, reserved 532480K
  class space    used 2077K, capacity 2208K, committed 2304K, reserved 516096K
}
Event: 5.450 GC heap after
{Heap after GC invocations=2 (full 0):
 garbage-first heap   total 122880K, used 16741K [0x0000000080000000, 0x0000000100000000)
  region size 1024K, 9 young (9216K), 9 survivors (9216K)
 Metaspace       used 18197K, capacity 18552K, committed 18688K, reserved 532480K
  class space    used 2077K, capacity 2208K, committed 2304K, reserved 516096K
}
Event: 5.591 GC heap before
{Heap before GC invocations=2 (full 0):
 garbage-first heap   total 122880K, used 21861K [0x0000000080000000, 0x0000000100000000)
  region size 1024K, 14 young (14336K), 9 survivors (9216K)
 Metaspace       used 18599K, capacity 18951K, committed 19200K, reserved 534528K
  class space    used 2138K, capacity 2278K, committed 2304K, reserved 516096K
}
Event: 5.599 GC heap after
{Heap after GC invocations=3 (full 0):
 garbage-first heap   total 122880K, used 16833K [0x0000000080000000, 0x0000000100000000)
  region size 1024K, 1 young (1024K), 1 survivors (1024K)
 Metaspace       used 18599K, capacity 18951K, committed 19200K, reserved 534528K
  class space    used 2138K, capacity 2278K, committed 2304K, reserved 516096K
}
Event: 5.915 GC heap before
{Heap before GC invocations=3 (full 0):
 garbage-first heap   total 122880K, used 28097K [0x0000000080000000, 0x0000000100000000)
  region size 1024K, 13 young (13312K), 1 survivors (1024K)
 Metaspace       used 20604K, capacity 21045K, committed 21248K, reserved 536576K
  class space    used 2408K, capacity 2551K, committed 2560K, reserved 516096K
}
Event: 5.918 GC heap after
{Heap after GC invocations=4 (full 0):
 garbage-first heap   total 122880K, used 16945K [0x0000000080000000, 0x0000000100000000)
  region size 1024K, 1 young (1024K), 1 survivors (1024K)
 Metaspace       used 20604K, capacity 21045K, committed 21248K, reserved 536576K
  class space    used 2408K, capacity 2551K, committed 2560K, reserved 516096K
}
Event: 7.395 GC heap before
{Heap before GC invocations=5 (full 0):
 garbage-first heap   total 122880K, used 62001K [0x0000000080000000, 0x0000000100000000)
  region size 1024K, 45 young (46080K), 1 survivors (1024K)
 Metaspace       used 24840K, capacity 25358K, committed 25600K, reserved 538624K
  class space    used 3102K, capacity 3315K, committed 3328K, reserved 516096K
}
Event: 7.398 GC heap after
{Heap after GC invocations=6 (full 0):
 garbage-first heap   total 122880K, used 18452K [0x0000000080000000, 0x0000000100000000)
  region size 1024K, 3 young (3072K), 3 survivors (3072K)
 Metaspace       used 24840K, capacity 25358K, committed 25600K, reserved 538624K
  class space    used 3102K, capacity 3315K, committed 3328K, reserved 516096K
}
Event: 8.551 GC heap before
{Heap before GC invocations=6 (full 0):
 garbage-first heap   total 122880K, used 67604K [0x0000000080000000, 0x0000000100000000)
  region size 1024K, 51 young (52224K), 3 survivors (3072K)
 Metaspace       used 29573K, capacity 30209K, committed 30464K, reserved 542720K
  class space    used 3827K, capacity 4068K, committed 4096K, reserved 516096K
}
Event: 8.556 GC heap after
{Heap after GC invocations=7 (full 0):
 garbage-first heap   total 122880K, used 20151K [0x0000000080000000, 0x0000000100000000)
  region size 1024K, 4 young (4096K), 4 survivors (4096K)
 Metaspace       used 29573K, capacity 30209K, committed 30464K, reserved 542720K
  class space    used 3827K, capacity 4068K, committed 4096K, reserved 516096K
}
Event: 9.596 GC heap before
{Heap before GC invocations=7 (full 0):
 garbage-first heap   total 122880K, used 50871K [0x0000000080000000, 0x0000000100000000)
  region size 1024K, 35 young (35840K), 4 survivors (4096K)
 Metaspace       used 34675K, capacity 35476K, committed 35584K, reserved 546816K
  class space    used 4416K, capacity 4758K, committed 4864K, reserved 516096K
}
Event: 9.609 GC heap after
{Heap after GC invocations=8 (full 0):
 garbage-first heap   total 122880K, used 22335K [0x0000000080000000, 0x0000000100000000)
  region size 1024K, 6 young (6144K), 6 survivors (6144K)
 Metaspace       used 34675K, capacity 35476K, committed 35584K, reserved 546816K
  class space    used 4416K, capacity 4758K, committed 4864K, reserved 516096K
}
Event: 11.286 GC heap before
{Heap before GC invocations=9 (full 0):
 garbage-first heap   total 122880K, used 75583K [0x0000000080000000, 0x0000000100000000)
  region size 1024K, 55 young (56320K), 6 survivors (6144K)
 Metaspace       used 40170K, capacity 41128K, committed 41344K, reserved 552960K
  class space    used 5024K, capacity 5402K, committed 5504K, reserved 516096K
}
Event: 11.298 GC heap after
{Heap after GC invocations=10 (full 0):
 garbage-first heap   total 122880K, used 27152K [0x0000000080000000, 0x0000000100000000)
  region size 1024K, 7 young (7168K), 7 survivors (7168K)
 Metaspace       used 40170K, capacity 41128K, committed 41344K, reserved 552960K
  class space    used 5024K, capacity 5402K, committed 5504K, reserved 516096K
}
Event: 33.733 GC heap before
{Heap before GC invocations=10 (full 0):
 garbage-first heap   total 122880K, used 78352K [0x0000000080000000, 0x0000000100000000)
  region size 1024K, 57 young (58368K), 7 survivors (7168K)
 Metaspace       used 42448K, capacity 43589K, committed 43776K, reserved 555008K
  class space    used 5343K, capacity 5797K, committed 5888K, reserved 516096K
}
Event: 33.790 GC heap after
{Heap after GC invocations=11 (full 0):
 garbage-first heap   total 122880K, used 29211K [0x0000000080000000, 0x0000000100000000)
  region size 1024K, 4 young (4096K), 4 survivors (4096K)
 Metaspace       used 42448K, capacity 43589K, committed 43776K, reserved 555008K
  class space    used 5343K, capacity 5797K, committed 5888K, reserved 516096K
}

